<?xml version="1.0" encoding="utf-8"?>
<shfbBuild product="Sandcastle Help File Builder" version="2014.12.20.0" projectFile="C:\Users\Abad\Documents\Visual Studio 2013\Projects\DB_Assignment5\Assign_5\Docs\Docs.shfbproj" started="4/2/2015 10:37:19 PM">
<buildStep step="Initializing">
Finding tools...
The Sandcastle tools are located in &#39;C:\Program Files (x86)\EWSoftware\Sandcastle Help File Builder\&#39;
Searching for HTML Help 1 compiler...
Found HTML Help 1 compiler in &#39;C:\Program Files (x86)\HTML Help Workshop\&#39;
Locating components in the following folder(s):
   C:\Users\Abad\Documents\Visual Studio 2013\Projects\DB_Assignment5\Assign_5\Docs
Using presentation style &#39;VS2013&#39; located in &#39;C:\Program Files (x86)\EWSoftware\Sandcastle Help File Builder\PresentationStyles\VS2013&#39;
Loading and initializing plug-ins...
Lightweight Website Style Version 2014.12.20.0
Copyright &#169; 2006-2014, Eric Woodruff, All Rights Reserved
Portions Copyright &#169; 2014, Sam Harwell, All Rights Reserved
</buildStep>
<buildStep step="ValidatingDocumentationSources">
Validating and copying documentation source information
Source: C:\Users\Abad\Documents\Visual Studio 2013\Projects\DB_Assignment5\Assign_5\Assign_5\bin\Assign_5.XML
Source: C:\Users\Abad\Documents\Visual Studio 2013\Projects\DB_Assignment5\Assign_5\Assign_5\bin\Assign_5.dll
    Found assembly &#39;C:\Users\Abad\Documents\Visual Studio 2013\Projects\DB_Assignment5\Assign_5\Assign_5\bin\Assign_5.dll&#39;

Copying XML comments files
    C:\Users\Abad\Documents\Visual Studio 2013\Projects\DB_Assignment5\Assign_5\Assign_5\bin\Assign_5.XML -&gt; C:\Users\Abad\Documents\Visual Studio 2013\Projects\DB_Assignment5\Assign_5\Docs\Help\Working\Assign_5.XML
</buildStep>
<buildStep step="GenerateSharedContent">
Generating shared content files (en-US, English (United States))...
<plugIn name="Lightweight Website Style" behavior="After" priority="1000">
</plugIn>    Last step completed in 00:00:00.0070
</buildStep>
<buildStep step="GenerateApiFilter">
Generating API filter for MRefBuilder...
    Last step completed in 00:00:00.0010
</buildStep>
<buildStep step="GenerateReflectionInfo">
Generating reflection information...
[C:\Program Files (x86)\MSBuild\12.0\bin\MSBuild.exe]
Build started 4/2/2015 10:37:20 PM.
Project &quot;C:\Users\Abad\Documents\Visual Studio 2013\Projects\DB_Assignment5\Assign_5\Docs\Help\Working\GenerateRefInfo.proj&quot; on node 1 (default targets).
PrepareForBuild:
  Creating directory &quot;obj\Debug\&quot;.
GenerateRefInfo:
  MRefBuilder (v2014.11.22.0)
  Copyright c 2006-2014, Microsoft Corporation, All Rights Reserved.
  Portions Copyright c 2006-2014, Eric Woodruff, All Rights Reserved.
  Loaded 1 assemblies for reflection and 1 dependency assemblies.
  Wrote information on 1 namespaces, 1 types, and 3 members
  Copying file from &quot;reflection.org&quot; to &quot;reflection.all&quot;.
  XslTransform (v2014.11.22.0)
  Copyright c 2006-2014, Microsoft Corporation, All Rights Reserved.
  Portions Copyright c 2006-2014, Eric Woodruff, All Rights Reserved.
  Applying XSL transformation &#39;C:\Program Files (x86)\EWSoftware\Sandcastle Help File Builder\ProductionTransforms\MergeDuplicates.xsl&#39;.
Done Building Project &quot;C:\Users\Abad\Documents\Visual Studio 2013\Projects\DB_Assignment5\Assign_5\Docs\Help\Working\GenerateRefInfo.proj&quot; (default targets).

Build succeeded.

Time Elapsed 00:00:00.83
    Last step completed in 00:00:00.9951
</buildStep>
<buildStep step="TransformReflectionInfo">
Transforming reflection output...
[C:\Program Files (x86)\MSBuild\12.0\bin\MSBuild.exe]
Build started 4/2/2015 10:37:21 PM.
Project &quot;C:\Users\Abad\Documents\Visual Studio 2013\Projects\DB_Assignment5\Assign_5\Docs\Help\Working\TransformManifest.proj&quot; on node 1 (default targets).
TransformManifest:
  XslTransform (v2014.11.22.0)
  Copyright c 2006-2014, Microsoft Corporation, All Rights Reserved.
  Portions Copyright c 2006-2014, Eric Woodruff, All Rights Reserved.
  Applying XSL transformation &#39;C:\Program Files (x86)\EWSoftware\Sandcastle Help File Builder\\ProductionTransforms\ApplyVSDocModel.xsl&#39;.
  Copying file from &quot;reflection.xml&quot; to &quot;reflection.nofilenames&quot;.
  XslTransform (v2014.11.22.0)
  Copyright c 2006-2014, Microsoft Corporation, All Rights Reserved.
  Portions Copyright c 2006-2014, Eric Woodruff, All Rights Reserved.
  Applying XSL transformation &#39;C:\Program Files (x86)\EWSoftware\Sandcastle Help File Builder\ProductionTransforms\AddFilenames.xsl&#39;.
  XslTransform (v2014.11.22.0)
  Copyright c 2006-2014, Microsoft Corporation, All Rights Reserved.
  Portions Copyright c 2006-2014, Eric Woodruff, All Rights Reserved.
  Applying XSL transformation &#39;C:\Program Files (x86)\EWSoftware\Sandcastle Help File Builder\ProductionTransforms\ReflectionToManifest.xsl&#39;.
Done Building Project &quot;C:\Users\Abad\Documents\Visual Studio 2013\Projects\DB_Assignment5\Assign_5\Docs\Help\Working\TransformManifest.proj&quot; (default targets).

Build succeeded.

Time Elapsed 00:00:00.98
    Last step completed in 00:00:01.2671
</buildStep>
<buildStep step="GenerateNamespaceSummaries">
Generating namespace summary information...
    Last step completed in 00:00:00.4610
</buildStep>
<buildStep step="CopyConceptualContent">
Copying conceptual content...
Copying standard token shared content file...
Checking for other token files...
Checking for code snippets files...
Copying images and creating the media map file...
Generating conceptual topic files
    Parsing topic file &#39;C:\Users\Abad\Documents\Visual Studio 2013\Projects\DB_Assignment5\Assign_5\Docs\Content\Welcome.aml&#39;
    C:\Users\Abad\Documents\Visual Studio 2013\Projects\DB_Assignment5\Assign_5\Docs\Content\Welcome.aml -&gt; C:\Users\Abad\Documents\Visual Studio 2013\Projects\DB_Assignment5\Assign_5\Docs\Help\Working\ddueXml\e918e7fb-4776-4f2c-91a1-c18585a7ed01.xml
    Parsing topic file &#39;C:\Users\Abad\Documents\Visual Studio 2013\Projects\DB_Assignment5\Assign_5\Docs\Content\VersionHistory\VersionHistory.aml&#39;
    C:\Users\Abad\Documents\Visual Studio 2013\Projects\DB_Assignment5\Assign_5\Docs\Content\VersionHistory\VersionHistory.aml -&gt; C:\Users\Abad\Documents\Visual Studio 2013\Projects\DB_Assignment5\Assign_5\Docs\Help\Working\ddueXml\22ee6542-509a-48d1-ab83-6fbea55e3b64.xml
    Parsing topic file &#39;C:\Users\Abad\Documents\Visual Studio 2013\Projects\DB_Assignment5\Assign_5\Docs\Content\VersionHistory\v1.0.0.0.aml&#39;
    C:\Users\Abad\Documents\Visual Studio 2013\Projects\DB_Assignment5\Assign_5\Docs\Content\VersionHistory\v1.0.0.0.aml -&gt; C:\Users\Abad\Documents\Visual Studio 2013\Projects\DB_Assignment5\Assign_5\Docs\Help\Working\ddueXml\0b4c397a-30bf-4a48-9d8d-e04e1500e273.xml
    Last step completed in 00:00:00.1380
</buildStep>
<buildStep step="CreateConceptualTopicConfigs">
Creating conceptual topic configuration files...
    Companion files
    _ContentMetadata_.xml
    ConceptualManifest.xml
    Last step completed in 00:00:00.0080
</buildStep>
<buildStep step="CopyAdditionalContent">
Copying additional content files...
C:\Users\Abad\Documents\Visual Studio 2013\Projects\DB_Assignment5\Assign_5\Docs\icons\Help.png -&gt; C:\Users\Abad\Documents\Visual Studio 2013\Projects\DB_Assignment5\Assign_5\Docs\Help\Working\Output\HtmlHelp1\icons\Help.png
    Last step completed in 00:00:00.0130
</buildStep>
<buildStep step="MergeTablesOfContents">
Merging conceptual and additional tables of contents...
    Last step completed in 00:00:00.0010
</buildStep>
<buildStep step="GenerateIntermediateTableOfContents">
Generating intermediate table of contents file...
[C:\Program Files (x86)\MSBuild\12.0\bin\MSBuild.exe]
Build started 4/2/2015 10:37:23 PM.
Project &quot;C:\Users\Abad\Documents\Visual Studio 2013\Projects\DB_Assignment5\Assign_5\Docs\Help\Working\GenerateIntermediateTOC.proj&quot; on node 1 (default targets).
GenerateIntermediateTOC:
  XslTransform (v2014.11.22.0)
  Copyright c 2006-2014, Microsoft Corporation, All Rights Reserved.
  Portions Copyright c 2006-2014, Eric Woodruff, All Rights Reserved.
  Applying XSL transformation &#39;C:\Program Files (x86)\EWSoftware\Sandcastle Help File Builder\\ProductionTransforms\CreateVSToc.xsl&#39;.
Done Building Project &quot;C:\Users\Abad\Documents\Visual Studio 2013\Projects\DB_Assignment5\Assign_5\Docs\Help\Working\GenerateIntermediateTOC.proj&quot; (default targets).

Build succeeded.

Time Elapsed 00:00:00.24
Generating conceptual content intermediate TOC file...
    Last step completed in 00:00:00.4170
</buildStep>
<buildStep step="CreateBuildAssemblerConfigs">
Creating Sandcastle configuration files...
    sandcastle.config
    conceptual.config
    Last step completed in 00:00:00.6320
</buildStep>
<buildStep step="MergeCustomConfigs">
Merging custom build component configurations
C:\Users\Abad\Documents\Visual Studio 2013\Projects\DB_Assignment5\Assign_5\Docs\Help\Working\sandcastle.config
C:\Users\Abad\Documents\Visual Studio 2013\Projects\DB_Assignment5\Assign_5\Docs\Help\Working\conceptual.config
    Removing unused ExampleComponent.
    Last step completed in 00:00:00.3260
</buildStep>
<buildStep step="BuildConceptualTopics">
Building conceptual help topics...
[C:\Program Files (x86)\MSBuild\12.0\bin\MSBuild.exe]
Build started 4/2/2015 10:37:25 PM.
Project &quot;C:\Users\Abad\Documents\Visual Studio 2013\Projects\DB_Assignment5\Assign_5\Docs\Help\Working\BuildConceptualTopics.proj&quot; on node 1 (default targets).
BuildConceptualTopics:
  BuildAssembler (v2014.11.22.0)
  Copyright c 2006-2014, Microsoft Corporation, All Rights Reserved.
  Portions Copyright c 2006-2014, Eric Woodruff, All Rights Reserved.
  Loading configuration...
  Processing topics...
  Processed 3 topic(s)
  CopyFromIndexComponent: &quot;metadata&quot; in-memory cache entries used: 1 of 15.
Done Building Project &quot;C:\Users\Abad\Documents\Visual Studio 2013\Projects\DB_Assignment5\Assign_5\Docs\Help\Working\BuildConceptualTopics.proj&quot; (default targets).

Build succeeded.

Time Elapsed 00:00:08.56
    Last step completed in 00:00:09.0155
</buildStep>
<buildStep step="BuildReferenceTopics">
Building reference help topics...
[C:\Program Files (x86)\MSBuild\12.0\bin\MSBuild.exe]
Build started 4/2/2015 10:37:34 PM.
Project &quot;C:\Users\Abad\Documents\Visual Studio 2013\Projects\DB_Assignment5\Assign_5\Docs\Help\Working\BuildReferenceTopics.proj&quot; on node 1 (default targets).
BuildReferenceTopics:
  BuildAssembler (v2014.11.22.0)
  Copyright c 2006-2014, Microsoft Corporation, All Rights Reserved.
  Portions Copyright c 2006-2014, Eric Woodruff, All Rights Reserved.
  Loading configuration...
  Processing topics...
  Processed 8 topic(s)
  CopyFromIndexComponent: &quot;reflection&quot; in-memory cache entries used: 2 of 15.
  CopyFromIndexComponent: &quot;comments&quot; in-memory cache entries used: 3 of 30.
Done Building Project &quot;C:\Users\Abad\Documents\Visual Studio 2013\Projects\DB_Assignment5\Assign_5\Docs\Help\Working\BuildReferenceTopics.proj&quot; (default targets).

Build succeeded.

Time Elapsed 00:00:17.66
    Last step completed in 00:00:17.8240
</buildStep>
<buildStep step="CombiningIntermediateTocFiles">
Combining conceptual and API intermediate TOC files...
    Last step completed in 00:00:00.0080
</buildStep>
<buildStep step="ExtractingHtmlInfo">
Extracting HTML info for HTML Help 1 and/or website...
[C:\Program Files (x86)\MSBuild\12.0\bin\MSBuild.exe]
Sandcastle Help File Builder, version 2014.12.20.0
Copyright c 2006-2014, Eric Woodruff, All Rights Reserved
E-Mail: Eric@EWoodruff.us

Using LCID &#39;1033&#39;, code page &#39;65001&#39;, encoding charset &#39;UTF-8&#39;.

Processing Help 1 files in C:\Users\Abad\Documents\Visual Studio 2013\Projects\DB_Assignment5\Assign_5\Docs\Help\Working\Output\HtmlHelp1
Processed 11 HTML files
Sorting keywords and generating See Also indices
Saving HTML Help 1 keyword index to C:\Users\Abad\Documents\Visual Studio 2013\Projects\DB_Assignment5\Assign_5\Docs\Help\Working\Docs.hhk
Saving HTML Help 1 table of contents to C:\Users\Abad\Documents\Visual Studio 2013\Projects\DB_Assignment5\Assign_5\Docs\Help\Working\Docs.hhc
    Last step completed in 00:00:00.5020
</buildStep>
<buildStep step="CopyStandardHelpContent">
Copying standard help content...
C:\Program Files (x86)\EWSoftware\Sandcastle Help File Builder\PresentationStyles\VS2013\icons\AlertCaution.png -&gt; C:\Users\Abad\Documents\Visual Studio 2013\Projects\DB_Assignment5\Assign_5\Docs\Help\Working\Output\HtmlHelp1\icons\AlertCaution.png
C:\Program Files (x86)\EWSoftware\Sandcastle Help File Builder\PresentationStyles\VS2013\icons\AlertNote.png -&gt; C:\Users\Abad\Documents\Visual Studio 2013\Projects\DB_Assignment5\Assign_5\Docs\Help\Working\Output\HtmlHelp1\icons\AlertNote.png
C:\Program Files (x86)\EWSoftware\Sandcastle Help File Builder\PresentationStyles\VS2013\icons\AlertSecurity.png -&gt; C:\Users\Abad\Documents\Visual Studio 2013\Projects\DB_Assignment5\Assign_5\Docs\Help\Working\Output\HtmlHelp1\icons\AlertSecurity.png
C:\Program Files (x86)\EWSoftware\Sandcastle Help File Builder\PresentationStyles\VS2013\icons\CFW.gif -&gt; C:\Users\Abad\Documents\Visual Studio 2013\Projects\DB_Assignment5\Assign_5\Docs\Help\Working\Output\HtmlHelp1\icons\CFW.gif
C:\Program Files (x86)\EWSoftware\Sandcastle Help File Builder\PresentationStyles\VS2013\icons\CodeExample.png -&gt; C:\Users\Abad\Documents\Visual Studio 2013\Projects\DB_Assignment5\Assign_5\Docs\Help\Working\Output\HtmlHelp1\icons\CodeExample.png
C:\Program Files (x86)\EWSoftware\Sandcastle Help File Builder\PresentationStyles\VS2013\icons\favicon.ico -&gt; C:\Users\Abad\Documents\Visual Studio 2013\Projects\DB_Assignment5\Assign_5\Docs\Help\Working\Output\HtmlHelp1\icons\favicon.ico
C:\Program Files (x86)\EWSoftware\Sandcastle Help File Builder\PresentationStyles\VS2013\icons\privclass.gif -&gt; C:\Users\Abad\Documents\Visual Studio 2013\Projects\DB_Assignment5\Assign_5\Docs\Help\Working\Output\HtmlHelp1\icons\privclass.gif
C:\Program Files (x86)\EWSoftware\Sandcastle Help File Builder\PresentationStyles\VS2013\icons\privdelegate.gif -&gt; C:\Users\Abad\Documents\Visual Studio 2013\Projects\DB_Assignment5\Assign_5\Docs\Help\Working\Output\HtmlHelp1\icons\privdelegate.gif
C:\Program Files (x86)\EWSoftware\Sandcastle Help File Builder\PresentationStyles\VS2013\icons\privenumeration.gif -&gt; C:\Users\Abad\Documents\Visual Studio 2013\Projects\DB_Assignment5\Assign_5\Docs\Help\Working\Output\HtmlHelp1\icons\privenumeration.gif
C:\Program Files (x86)\EWSoftware\Sandcastle Help File Builder\PresentationStyles\VS2013\icons\privevent.gif -&gt; C:\Users\Abad\Documents\Visual Studio 2013\Projects\DB_Assignment5\Assign_5\Docs\Help\Working\Output\HtmlHelp1\icons\privevent.gif
C:\Program Files (x86)\EWSoftware\Sandcastle Help File Builder\PresentationStyles\VS2013\icons\privextension.gif -&gt; C:\Users\Abad\Documents\Visual Studio 2013\Projects\DB_Assignment5\Assign_5\Docs\Help\Working\Output\HtmlHelp1\icons\privextension.gif
C:\Program Files (x86)\EWSoftware\Sandcastle Help File Builder\PresentationStyles\VS2013\icons\privfield.gif -&gt; C:\Users\Abad\Documents\Visual Studio 2013\Projects\DB_Assignment5\Assign_5\Docs\Help\Working\Output\HtmlHelp1\icons\privfield.gif
C:\Program Files (x86)\EWSoftware\Sandcastle Help File Builder\PresentationStyles\VS2013\icons\privinterface.gif -&gt; C:\Users\Abad\Documents\Visual Studio 2013\Projects\DB_Assignment5\Assign_5\Docs\Help\Working\Output\HtmlHelp1\icons\privinterface.gif
C:\Program Files (x86)\EWSoftware\Sandcastle Help File Builder\PresentationStyles\VS2013\icons\privmethod.gif -&gt; C:\Users\Abad\Documents\Visual Studio 2013\Projects\DB_Assignment5\Assign_5\Docs\Help\Working\Output\HtmlHelp1\icons\privmethod.gif
C:\Program Files (x86)\EWSoftware\Sandcastle Help File Builder\PresentationStyles\VS2013\icons\privproperty.gif -&gt; C:\Users\Abad\Documents\Visual Studio 2013\Projects\DB_Assignment5\Assign_5\Docs\Help\Working\Output\HtmlHelp1\icons\privproperty.gif
C:\Program Files (x86)\EWSoftware\Sandcastle Help File Builder\PresentationStyles\VS2013\icons\privstructure.gif -&gt; C:\Users\Abad\Documents\Visual Studio 2013\Projects\DB_Assignment5\Assign_5\Docs\Help\Working\Output\HtmlHelp1\icons\privstructure.gif
C:\Program Files (x86)\EWSoftware\Sandcastle Help File Builder\PresentationStyles\VS2013\icons\protclass.gif -&gt; C:\Users\Abad\Documents\Visual Studio 2013\Projects\DB_Assignment5\Assign_5\Docs\Help\Working\Output\HtmlHelp1\icons\protclass.gif
C:\Program Files (x86)\EWSoftware\Sandcastle Help File Builder\PresentationStyles\VS2013\icons\protdelegate.gif -&gt; C:\Users\Abad\Documents\Visual Studio 2013\Projects\DB_Assignment5\Assign_5\Docs\Help\Working\Output\HtmlHelp1\icons\protdelegate.gif
C:\Program Files (x86)\EWSoftware\Sandcastle Help File Builder\PresentationStyles\VS2013\icons\protenumeration.gif -&gt; C:\Users\Abad\Documents\Visual Studio 2013\Projects\DB_Assignment5\Assign_5\Docs\Help\Working\Output\HtmlHelp1\icons\protenumeration.gif
C:\Program Files (x86)\EWSoftware\Sandcastle Help File Builder\PresentationStyles\VS2013\icons\protevent.gif -&gt; C:\Users\Abad\Documents\Visual Studio 2013\Projects\DB_Assignment5\Assign_5\Docs\Help\Working\Output\HtmlHelp1\icons\protevent.gif
C:\Program Files (x86)\EWSoftware\Sandcastle Help File Builder\PresentationStyles\VS2013\icons\protextension.gif -&gt; C:\Users\Abad\Documents\Visual Studio 2013\Projects\DB_Assignment5\Assign_5\Docs\Help\Working\Output\HtmlHelp1\icons\protextension.gif
C:\Program Files (x86)\EWSoftware\Sandcastle Help File Builder\PresentationStyles\VS2013\icons\protfield.gif -&gt; C:\Users\Abad\Documents\Visual Studio 2013\Projects\DB_Assignment5\Assign_5\Docs\Help\Working\Output\HtmlHelp1\icons\protfield.gif
C:\Program Files (x86)\EWSoftware\Sandcastle Help File Builder\PresentationStyles\VS2013\icons\protinterface.gif -&gt; C:\Users\Abad\Documents\Visual Studio 2013\Projects\DB_Assignment5\Assign_5\Docs\Help\Working\Output\HtmlHelp1\icons\protinterface.gif
C:\Program Files (x86)\EWSoftware\Sandcastle Help File Builder\PresentationStyles\VS2013\icons\protmethod.gif -&gt; C:\Users\Abad\Documents\Visual Studio 2013\Projects\DB_Assignment5\Assign_5\Docs\Help\Working\Output\HtmlHelp1\icons\protmethod.gif
C:\Program Files (x86)\EWSoftware\Sandcastle Help File Builder\PresentationStyles\VS2013\icons\protoperator.gif -&gt; C:\Users\Abad\Documents\Visual Studio 2013\Projects\DB_Assignment5\Assign_5\Docs\Help\Working\Output\HtmlHelp1\icons\protoperator.gif
C:\Program Files (x86)\EWSoftware\Sandcastle Help File Builder\PresentationStyles\VS2013\icons\protproperty.gif -&gt; C:\Users\Abad\Documents\Visual Studio 2013\Projects\DB_Assignment5\Assign_5\Docs\Help\Working\Output\HtmlHelp1\icons\protproperty.gif
C:\Program Files (x86)\EWSoftware\Sandcastle Help File Builder\PresentationStyles\VS2013\icons\protstructure.gif -&gt; C:\Users\Abad\Documents\Visual Studio 2013\Projects\DB_Assignment5\Assign_5\Docs\Help\Working\Output\HtmlHelp1\icons\protstructure.gif
C:\Program Files (x86)\EWSoftware\Sandcastle Help File Builder\PresentationStyles\VS2013\icons\pubclass.gif -&gt; C:\Users\Abad\Documents\Visual Studio 2013\Projects\DB_Assignment5\Assign_5\Docs\Help\Working\Output\HtmlHelp1\icons\pubclass.gif
C:\Program Files (x86)\EWSoftware\Sandcastle Help File Builder\PresentationStyles\VS2013\icons\pubdelegate.gif -&gt; C:\Users\Abad\Documents\Visual Studio 2013\Projects\DB_Assignment5\Assign_5\Docs\Help\Working\Output\HtmlHelp1\icons\pubdelegate.gif
C:\Program Files (x86)\EWSoftware\Sandcastle Help File Builder\PresentationStyles\VS2013\icons\pubenumeration.gif -&gt; C:\Users\Abad\Documents\Visual Studio 2013\Projects\DB_Assignment5\Assign_5\Docs\Help\Working\Output\HtmlHelp1\icons\pubenumeration.gif
C:\Program Files (x86)\EWSoftware\Sandcastle Help File Builder\PresentationStyles\VS2013\icons\pubevent.gif -&gt; C:\Users\Abad\Documents\Visual Studio 2013\Projects\DB_Assignment5\Assign_5\Docs\Help\Working\Output\HtmlHelp1\icons\pubevent.gif
C:\Program Files (x86)\EWSoftware\Sandcastle Help File Builder\PresentationStyles\VS2013\icons\pubextension.gif -&gt; C:\Users\Abad\Documents\Visual Studio 2013\Projects\DB_Assignment5\Assign_5\Docs\Help\Working\Output\HtmlHelp1\icons\pubextension.gif
C:\Program Files (x86)\EWSoftware\Sandcastle Help File Builder\PresentationStyles\VS2013\icons\pubfield.gif -&gt; C:\Users\Abad\Documents\Visual Studio 2013\Projects\DB_Assignment5\Assign_5\Docs\Help\Working\Output\HtmlHelp1\icons\pubfield.gif
C:\Program Files (x86)\EWSoftware\Sandcastle Help File Builder\PresentationStyles\VS2013\icons\pubinterface.gif -&gt; C:\Users\Abad\Documents\Visual Studio 2013\Projects\DB_Assignment5\Assign_5\Docs\Help\Working\Output\HtmlHelp1\icons\pubinterface.gif
C:\Program Files (x86)\EWSoftware\Sandcastle Help File Builder\PresentationStyles\VS2013\icons\pubmethod.gif -&gt; C:\Users\Abad\Documents\Visual Studio 2013\Projects\DB_Assignment5\Assign_5\Docs\Help\Working\Output\HtmlHelp1\icons\pubmethod.gif
C:\Program Files (x86)\EWSoftware\Sandcastle Help File Builder\PresentationStyles\VS2013\icons\puboperator.gif -&gt; C:\Users\Abad\Documents\Visual Studio 2013\Projects\DB_Assignment5\Assign_5\Docs\Help\Working\Output\HtmlHelp1\icons\puboperator.gif
C:\Program Files (x86)\EWSoftware\Sandcastle Help File Builder\PresentationStyles\VS2013\icons\pubproperty.gif -&gt; C:\Users\Abad\Documents\Visual Studio 2013\Projects\DB_Assignment5\Assign_5\Docs\Help\Working\Output\HtmlHelp1\icons\pubproperty.gif
C:\Program Files (x86)\EWSoftware\Sandcastle Help File Builder\PresentationStyles\VS2013\icons\pubstructure.gif -&gt; C:\Users\Abad\Documents\Visual Studio 2013\Projects\DB_Assignment5\Assign_5\Docs\Help\Working\Output\HtmlHelp1\icons\pubstructure.gif
C:\Program Files (x86)\EWSoftware\Sandcastle Help File Builder\PresentationStyles\VS2013\icons\SectionCollapsed.png -&gt; C:\Users\Abad\Documents\Visual Studio 2013\Projects\DB_Assignment5\Assign_5\Docs\Help\Working\Output\HtmlHelp1\icons\SectionCollapsed.png
C:\Program Files (x86)\EWSoftware\Sandcastle Help File Builder\PresentationStyles\VS2013\icons\SectionExpanded.png -&gt; C:\Users\Abad\Documents\Visual Studio 2013\Projects\DB_Assignment5\Assign_5\Docs\Help\Working\Output\HtmlHelp1\icons\SectionExpanded.png
C:\Program Files (x86)\EWSoftware\Sandcastle Help File Builder\PresentationStyles\VS2013\icons\slMobile.gif -&gt; C:\Users\Abad\Documents\Visual Studio 2013\Projects\DB_Assignment5\Assign_5\Docs\Help\Working\Output\HtmlHelp1\icons\slMobile.gif
C:\Program Files (x86)\EWSoftware\Sandcastle Help File Builder\PresentationStyles\VS2013\icons\static.gif -&gt; C:\Users\Abad\Documents\Visual Studio 2013\Projects\DB_Assignment5\Assign_5\Docs\Help\Working\Output\HtmlHelp1\icons\static.gif
C:\Program Files (x86)\EWSoftware\Sandcastle Help File Builder\PresentationStyles\VS2013\icons\xna.gif -&gt; C:\Users\Abad\Documents\Visual Studio 2013\Projects\DB_Assignment5\Assign_5\Docs\Help\Working\Output\HtmlHelp1\icons\xna.gif
C:\Program Files (x86)\EWSoftware\Sandcastle Help File Builder\PresentationStyles\VS2013\scripts\branding.js -&gt; C:\Users\Abad\Documents\Visual Studio 2013\Projects\DB_Assignment5\Assign_5\Docs\Help\Working\Output\HtmlHelp1\scripts\branding.js
C:\Program Files (x86)\EWSoftware\Sandcastle Help File Builder\PresentationStyles\VS2013\styles\branding-cs-CZ.css -&gt; C:\Users\Abad\Documents\Visual Studio 2013\Projects\DB_Assignment5\Assign_5\Docs\Help\Working\Output\HtmlHelp1\styles\branding-cs-CZ.css
C:\Program Files (x86)\EWSoftware\Sandcastle Help File Builder\PresentationStyles\VS2013\styles\branding-de-DE.css -&gt; C:\Users\Abad\Documents\Visual Studio 2013\Projects\DB_Assignment5\Assign_5\Docs\Help\Working\Output\HtmlHelp1\styles\branding-de-DE.css
C:\Program Files (x86)\EWSoftware\Sandcastle Help File Builder\PresentationStyles\VS2013\styles\branding-en-US.css -&gt; C:\Users\Abad\Documents\Visual Studio 2013\Projects\DB_Assignment5\Assign_5\Docs\Help\Working\Output\HtmlHelp1\styles\branding-en-US.css
C:\Program Files (x86)\EWSoftware\Sandcastle Help File Builder\PresentationStyles\VS2013\styles\branding-es-ES.css -&gt; C:\Users\Abad\Documents\Visual Studio 2013\Projects\DB_Assignment5\Assign_5\Docs\Help\Working\Output\HtmlHelp1\styles\branding-es-ES.css
C:\Program Files (x86)\EWSoftware\Sandcastle Help File Builder\PresentationStyles\VS2013\styles\branding-fr-FR.css -&gt; C:\Users\Abad\Documents\Visual Studio 2013\Projects\DB_Assignment5\Assign_5\Docs\Help\Working\Output\HtmlHelp1\styles\branding-fr-FR.css
C:\Program Files (x86)\EWSoftware\Sandcastle Help File Builder\PresentationStyles\VS2013\styles\branding-Help1.css -&gt; C:\Users\Abad\Documents\Visual Studio 2013\Projects\DB_Assignment5\Assign_5\Docs\Help\Working\Output\HtmlHelp1\styles\branding-Help1.css
C:\Program Files (x86)\EWSoftware\Sandcastle Help File Builder\PresentationStyles\VS2013\styles\branding-Help2.css -&gt; C:\Users\Abad\Documents\Visual Studio 2013\Projects\DB_Assignment5\Assign_5\Docs\Help\Working\Output\HtmlHelp1\styles\branding-Help2.css
C:\Program Files (x86)\EWSoftware\Sandcastle Help File Builder\PresentationStyles\VS2013\styles\branding-HelpViewer.css -&gt; C:\Users\Abad\Documents\Visual Studio 2013\Projects\DB_Assignment5\Assign_5\Docs\Help\Working\Output\HtmlHelp1\styles\branding-HelpViewer.css
C:\Program Files (x86)\EWSoftware\Sandcastle Help File Builder\PresentationStyles\VS2013\styles\branding-it-IT.css -&gt; C:\Users\Abad\Documents\Visual Studio 2013\Projects\DB_Assignment5\Assign_5\Docs\Help\Working\Output\HtmlHelp1\styles\branding-it-IT.css
C:\Program Files (x86)\EWSoftware\Sandcastle Help File Builder\PresentationStyles\VS2013\styles\branding-ja-JP.css -&gt; C:\Users\Abad\Documents\Visual Studio 2013\Projects\DB_Assignment5\Assign_5\Docs\Help\Working\Output\HtmlHelp1\styles\branding-ja-JP.css
C:\Program Files (x86)\EWSoftware\Sandcastle Help File Builder\PresentationStyles\VS2013\styles\branding-ko-KR.css -&gt; C:\Users\Abad\Documents\Visual Studio 2013\Projects\DB_Assignment5\Assign_5\Docs\Help\Working\Output\HtmlHelp1\styles\branding-ko-KR.css
C:\Program Files (x86)\EWSoftware\Sandcastle Help File Builder\PresentationStyles\VS2013\styles\branding-pl-PL.css -&gt; C:\Users\Abad\Documents\Visual Studio 2013\Projects\DB_Assignment5\Assign_5\Docs\Help\Working\Output\HtmlHelp1\styles\branding-pl-PL.css
C:\Program Files (x86)\EWSoftware\Sandcastle Help File Builder\PresentationStyles\VS2013\styles\branding-pt-BR.css -&gt; C:\Users\Abad\Documents\Visual Studio 2013\Projects\DB_Assignment5\Assign_5\Docs\Help\Working\Output\HtmlHelp1\styles\branding-pt-BR.css
C:\Program Files (x86)\EWSoftware\Sandcastle Help File Builder\PresentationStyles\VS2013\styles\branding-ru-RU.css -&gt; C:\Users\Abad\Documents\Visual Studio 2013\Projects\DB_Assignment5\Assign_5\Docs\Help\Working\Output\HtmlHelp1\styles\branding-ru-RU.css
C:\Program Files (x86)\EWSoftware\Sandcastle Help File Builder\PresentationStyles\VS2013\styles\branding-tr-TR.css -&gt; C:\Users\Abad\Documents\Visual Studio 2013\Projects\DB_Assignment5\Assign_5\Docs\Help\Working\Output\HtmlHelp1\styles\branding-tr-TR.css
C:\Program Files (x86)\EWSoftware\Sandcastle Help File Builder\PresentationStyles\VS2013\styles\branding-Website.css -&gt; C:\Users\Abad\Documents\Visual Studio 2013\Projects\DB_Assignment5\Assign_5\Docs\Help\Working\Output\HtmlHelp1\styles\branding-Website.css
C:\Program Files (x86)\EWSoftware\Sandcastle Help File Builder\PresentationStyles\VS2013\styles\branding-zh-CN.css -&gt; C:\Users\Abad\Documents\Visual Studio 2013\Projects\DB_Assignment5\Assign_5\Docs\Help\Working\Output\HtmlHelp1\styles\branding-zh-CN.css
C:\Program Files (x86)\EWSoftware\Sandcastle Help File Builder\PresentationStyles\VS2013\styles\branding-zh-TW.css -&gt; C:\Users\Abad\Documents\Visual Studio 2013\Projects\DB_Assignment5\Assign_5\Docs\Help\Working\Output\HtmlHelp1\styles\branding-zh-TW.css
C:\Program Files (x86)\EWSoftware\Sandcastle Help File Builder\PresentationStyles\VS2013\styles\branding.css -&gt; C:\Users\Abad\Documents\Visual Studio 2013\Projects\DB_Assignment5\Assign_5\Docs\Help\Working\Output\HtmlHelp1\styles\branding.css
    Last step completed in 00:00:00.8290
</buildStep>
<buildStep step="GenerateHelpFormatTableOfContents">
Generating HTML Help 1 table of contents file...
    Last step completed in 00:00:00.0010
</buildStep>
<buildStep step="GenerateHelpFileIndex">
Generating HTML Help 1 index file...
    Last step completed in 00:00:00.0000
</buildStep>
<buildStep step="GenerateHelpProject">
Generating HTML Help 1 project file...
    Last step completed in 00:00:00.0050
</buildStep>
<buildStep step="CompilingHelpFile">
Compiling HTML Help 1 file...
[C:\Program Files (x86)\MSBuild\12.0\bin\MSBuild.exe]
  Microsoft HTML Help Compiler 4.74.8702
  
  
  
  Compiling c:\Users\Abad\Documents\Visual Studio 2013\Projects\DB_Assignment5\Assign_5\Docs\Help\Working\Output\HtmlHelp1\Docs.chm
  
  
  
  
  
  Compile time: 0 minutes, 0 seconds
  
  13	Topics
  
  85	Local links
  
  1,262	Internet links
  
  0	Graphics
  
  
  
  
  
  Created c:\Users\Abad\Documents\Visual Studio 2013\Projects\DB_Assignment5\Assign_5\Docs\Help\Working\Output\HtmlHelp1\Docs.chm, 114,562 bytes
  
  Compression decreased file by 297,659 bytes.
  
    Last step completed in 00:00:01.3051
</buildStep>
<buildStep step="CleanIntermediates">
Removing intermediate files...
    Last step completed in 00:00:00.0690
</buildStep>
<buildStep step="Completed">

Build completed successfully at 4/2/2015 10:37:54 PM.  Total time: 00:00:35.0270

</buildStep>
</shfbBuild>
